# JRE version: OpenJDK Runtime Environment Zulu11.41+23-CA (11.0.8+10) (build 11.0.8+10-LTS)
# Java VM: OpenJDK 64-Bit Server VM Zulu11.41+23-CA (11.0.8+10-LTS, mixed mode, tiered, compressed oops, g1 gc, windows-amd64)
Heap:
 garbage-first heap   total 196608K, used 11335K [0x0000000741c00000, 0x0000000800000000)
  region size 1024K, 4 young (4096K), 2 survivors (2048K)
 Metaspace       used 19801K, capacity 20503K, committed 20608K, reserved 1083392K
  class space    used 2317K, capacity 2587K, committed 2688K, reserved 1048576K
GC Heap History (9 events):
Event: 1.436 GC heap before
{Heap before GC invocations=0 (full 0):
 garbage-first heap   total 196608K, used 14336K [0x0000000741c00000, 0x0000000800000000)
  region size 1024K, 14 young (14336K), 0 survivors (0K)
 Metaspace       used 12308K, capacity 12541K, committed 12672K, reserved 1060864K
  class space    used 1267K, capacity 1371K, committed 1408K, reserved 1048576K
}
Event: 1.444 GC heap after
{Heap after GC invocations=1 (full 0):
 garbage-first heap   total 196608K, used 7283K [0x0000000741c00000, 0x0000000800000000)
  region size 1024K, 2 young (2048K), 2 survivors (2048K)
 Metaspace       used 12308K, capacity 12541K, committed 12672K, reserved 1060864K
  class space    used 1267K, capacity 1371K, committed 1408K, reserved 1048576K
}
Event: 1.676 GC heap before
{Heap before GC invocations=1 (full 0):
 garbage-first heap   total 196608K, used 13427K [0x0000000741c00000, 0x0000000800000000)
  region size 1024K, 9 young (9216K), 2 survivors (2048K)
 Metaspace       used 13897K, capacity 14246K, committed 14464K, reserved 1062912K
  class space    used 1451K, capacity 1560K, committed 1664K, reserved 1048576K
}
Event: 1.681 GC heap after
{Heap after GC invocations=2 (full 0):
 garbage-first heap   total 196608K, used 8266K [0x0000000741c00000, 0x0000000800000000)
  region size 1024K, 1 young (1024K), 1 survivors (1024K)
 Metaspace       used 13897K, capacity 14246K, committed 14464K, reserved 1062912K
  class space    used 1451K, capacity 1560K, committed 1664K, reserved 1048576K
}
Event: 2.319 GC heap before
{Heap before GC invocations=2 (full 0):
 garbage-first heap   total 196608K, used 29770K [0x0000000741c00000, 0x0000000800000000)
  region size 1024K, 22 young (22528K), 1 survivors (1024K)
 Metaspace       used 18916K, capacity 19592K, committed 19712K, reserved 1067008K
  class space    used 2211K, capacity 2475K, committed 2560K, reserved 1048576K
}
Event: 2.324 GC heap after
{Heap after GC invocations=3 (full 0):
 garbage-first heap   total 196608K, used 9885K [0x0000000741c00000, 0x0000000800000000)
  region size 1024K, 3 young (3072K), 3 survivors (3072K)
 Metaspace       used 18916K, capacity 19592K, committed 19712K, reserved 1067008K
  class space    used 2211K, capacity 2475K, committed 2560K, reserved 1048576K
}
Event: 2.385 GC heap before
{Heap before GC invocations=3 (full 0):
 garbage-first heap   total 196608K, used 13981K [0x0000000741c00000, 0x0000000800000000)
  region size 1024K, 8 young (8192K), 3 survivors (3072K)
 Metaspace       used 19574K, capacity 20215K, committed 20224K, reserved 1077248K
  class space    used 2295K, capacity 2555K, committed 2560K, reserved 1048576K
}
Event: 2.389 GC heap after
{Heap after GC invocations=4 (full 0):
 garbage-first heap   total 196608K, used 10125K [0x0000000741c00000, 0x0000000800000000)
  region size 1024K, 3 young (3072K), 3 survivors (3072K)
 Metaspace       used 19574K, capacity 20215K, committed 20224K, reserved 1077248K
  class space    used 2295K, capacity 2555K, committed 2560K, reserved 1048576K
}
Event: 2.407 GC heap before
{Heap before GC invocations=5 (full 0):
 garbage-first heap   total 196608K, used 11149K [0x0000000741c00000, 0x0000000800000000)
  region size 1024K, 5 young (5120K), 3 survivors (3072K)
 Metaspace       used 19801K, capacity 20503K, committed 20608K, reserved 1083392K
  class space    used 2317K, capacity 2587K, committed 2688K, reserved 1048576K
}

