# JRE version: OpenJDK Runtime Environment Zulu11.41+23-CA (11.0.8+10) (build 11.0.8+10-LTS)
# Java VM: OpenJDK 64-Bit Server VM Zulu11.41+23-CA (11.0.8+10-LTS, mixed mode, tiered, compressed oops, g1 gc, windows-amd64)
Heap:
 garbage-first heap   total 196608K, used 14984K [0x0000000741c00000, 0x0000000800000000)
  region size 1024K, 8 young (8192K), 8 survivors (8192K)
 Metaspace       used 29234K, capacity 30292K, committed 30384K, reserved 1083392K
  class space    used 3605K, capacity 4004K, committed 4096K, reserved 1048576K
GC Heap History (12 events):
Event: 1.426 GC heap before
{Heap before GC invocations=0 (full 0):
 garbage-first heap   total 196608K, used 14336K [0x0000000741c00000, 0x0000000800000000)
  region size 1024K, 14 young (14336K), 0 survivors (0K)
 Metaspace       used 12126K, capacity 12416K, committed 12672K, reserved 1060864K
  class space    used 1248K, capacity 1372K, committed 1408K, reserved 1048576K
}
Event: 1.570 GC heap after
{Heap after GC invocations=1 (full 0):
 garbage-first heap   total 196608K, used 7575K [0x0000000741c00000, 0x0000000800000000)
  region size 1024K, 2 young (2048K), 2 survivors (2048K)
 Metaspace       used 12126K, capacity 12416K, committed 12672K, reserved 1060864K
  class space    used 1248K, capacity 1372K, committed 1408K, reserved 1048576K
}
Event: 1.798 GC heap before
{Heap before GC invocations=1 (full 0):
 garbage-first heap   total 196608K, used 14743K [0x0000000741c00000, 0x0000000800000000)
  region size 1024K, 9 young (9216K), 2 survivors (2048K)
 Metaspace       used 13916K, capacity 14310K, committed 14464K, reserved 1062912K
  class space    used 1451K, capacity 1560K, committed 1664K, reserved 1048576K
}
Event: 1.802 GC heap after
{Heap after GC invocations=2 (full 0):
 garbage-first heap   total 196608K, used 8438K [0x0000000741c00000, 0x0000000800000000)
  region size 1024K, 1 young (1024K), 1 survivors (1024K)
 Metaspace       used 13916K, capacity 14310K, committed 14464K, reserved 1062912K
  class space    used 1451K, capacity 1560K, committed 1664K, reserved 1048576K
}
Event: 2.570 GC heap before
{Heap before GC invocations=2 (full 0):
 garbage-first heap   total 196608K, used 30966K [0x0000000741c00000, 0x0000000800000000)
  region size 1024K, 24 young (24576K), 1 survivors (1024K)
 Metaspace       used 18943K, capacity 19579K, committed 19840K, reserved 1067008K
  class space    used 2175K, capacity 2395K, committed 2432K, reserved 1048576K
}
Event: 2.573 GC heap after
{Heap after GC invocations=3 (full 0):
 garbage-first heap   total 196608K, used 9983K [0x0000000741c00000, 0x0000000800000000)
  region size 1024K, 3 young (3072K), 3 survivors (3072K)
 Metaspace       used 18943K, capacity 19579K, committed 19840K, reserved 1067008K
  class space    used 2175K, capacity 2395K, committed 2432K, reserved 1048576K
}
Event: 2.696 GC heap before
{Heap before GC invocations=3 (full 0):
 garbage-first heap   total 196608K, used 17151K [0x0000000741c00000, 0x0000000800000000)
  region size 1024K, 12 young (12288K), 3 survivors (3072K)
 Metaspace       used 20513K, capacity 21134K, committed 21296K, reserved 1069056K
  class space    used 2371K, capacity 2620K, committed 2688K, reserved 1048576K
}
Event: 2.700 GC heap after
{Heap after GC invocations=4 (full 0):
 garbage-first heap   total 196608K, used 10230K [0x0000000741c00000, 0x0000000800000000)
  region size 1024K, 3 young (3072K), 3 survivors (3072K)
 Metaspace       used 20513K, capacity 21134K, committed 21296K, reserved 1069056K
  class space    used 2371K, capacity 2620K, committed 2688K, reserved 1048576K
}
Event: 3.100 GC heap before
{Heap before GC invocations=5 (full 0):
 garbage-first heap   total 196608K, used 49142K [0x0000000741c00000, 0x0000000800000000)
  region size 1024K, 42 young (43008K), 3 survivors (3072K)
 Metaspace       used 24582K, capacity 25469K, committed 25520K, reserved 1071104K
  class space    used 2946K, capacity 3310K, committed 3328K, reserved 1048576K
}
Event: 3.106 GC heap after
{Heap after GC invocations=6 (full 0):
 garbage-first heap   total 196608K, used 12192K [0x0000000741c00000, 0x0000000800000000)
  region size 1024K, 5 young (5120K), 5 survivors (5120K)
 Metaspace       used 24582K, capacity 25469K, committed 25520K, reserved 1071104K
  class space    used 2946K, capacity 3310K, committed 3328K, reserved 1048576K
}
Event: 3.871 GC heap before
{Heap before GC invocations=6 (full 0):
 garbage-first heap   total 196608K, used 96160K [0x0000000741c00000, 0x0000000800000000)
  region size 1024K, 89 young (91136K), 5 survivors (5120K)
 Metaspace       used 29234K, capacity 30292K, committed 30384K, reserved 1081344K
  class space    used 3605K, capacity 4004K, committed 4096K, reserved 1048576K
}
Event: 3.884 GC heap after
{Heap after GC invocations=7 (full 0):
 garbage-first heap   total 196608K, used 14984K [0x0000000741c00000, 0x0000000800000000)
  region size 1024K, 8 young (8192K), 8 survivors (8192K)
 Metaspace       used 29234K, capacity 30292K, committed 30384K, reserved 1081344K
  class space    used 3605K, capacity 4004K, committed 4096K, reserved 1048576K
}

